steps=25
step=23
step=22
step=21
step=20
step=19
step=18
step=17
step=16
step=15
step=14
step=13
step=12
step=11
step=10
step=9
step=8
step=7
step=6
step=5
step=4
step=3
step=2
step=1
steps=24
step=22
step=21
step=20
step=19
step=18
step=17
step=16
step=15
step=14
step=13
step=12
step=11
step=10
step=9
step=8
step=7
step=6
step=5
step=4
step=3
step=2
step=1
step=0
mult b
shift=361216193
shift2=1806079020
steps=25
step=23
step=22
step=21
step=20
step=19
step=18
step=17
step=16
step=15
step=14
step=13
step=12
step=11
step=10
step=9
step=8
step=7
step=6
step=5
step=4
step=3
step=2
step=1
steps=25
step=23
step=22
step=21
step=20
step=19
step=18
step=17
step=16
step=15
step=14
step=13
step=12
step=11
step=10
step=9
step=8
step=7
step=6
step=5
step=4
step=3
step=2
step=1
